Drill Listing
=============
Drill: .015  Tool: 1  Feed: 95  Speed: 300
X 609170  Y 678270
X 613170  Y 682270
X 617170  Y 686270
X 621170  Y 694270
X 617170  Y 698270
X 613170  Y 702270
X 597370  Y 702270
X 609170  Y 706270
X 716870  Y 729070
X 716870  Y 717170
X 716870  Y 705170
X 716770  Y 693170
X 680170  Y 692370
X 692170  Y 692370
X 656170  Y 692370
X 668170  Y 692370
X 644170  Y 692370
X 704170  Y 692370
X 632170  Y 692370
X 716470  Y 681170
X 716870  Y 669170
X 716770  Y 657170
X 809170  Y 678270
X 813170  Y 682270
X 817170  Y 686270
X 844170  Y 692370
X 821170  Y 694270
X 817170  Y 698270
X 813170  Y 702270
X 809170  Y 706270
X 916870  Y 729170
X 916870  Y 717170
X 916870  Y 705170
X 916770  Y 693170
X 904170  Y 692370
X 880170  Y 692370
X 892170  Y 692370
X 856170  Y 692370
X 868170  Y 692370
X 916470  Y 681170
X 916870  Y 669170
X 916770  Y 657170

Drill: .017  Tool: 2  Feed: 95  Speed: 300
X 94370  Y 79370
X 74370  Y 99370
X 54370  Y 119370
X 74370  Y 119370
X 74370  Y 139370
X 94370  Y 139370
X 54370  Y 139370
X 49370  Y 164370
X 84370  Y 174370
X 54370  Y 189370
X 49370  Y 189370
X 74370  Y 194370
X 89370  Y 209370
X 49370  Y 214370
X 54370  Y 214370
X 74370  Y 219370
X 54370  Y 239370
X 49370  Y 239370
X 74370  Y 244370
X 89370  Y 259370
X 49370  Y 264370
X 54370  Y 264370
X 59370  Y 564370
X 84370  Y 589370
X 59370  Y 589370
X 59370  Y 614370
X 84370  Y 614370
X 84370  Y 639370
X 49370  Y 654370
X 74370  Y 679370
X 49370  Y 679370
X 74370  Y 704370
X 49370  Y 704370
X 49370  Y 729370
X 74370  Y 729370
X 74370  Y 754370
X 124370  Y 804370
X 99370  Y 779370
X 124370  Y 779370
X 136870  Y 774070
X 99370  Y 754370
X 124370  Y 754370
X 148870  Y 740070
X 99370  Y 729370
X 124370  Y 729370
X 148870  Y 720870
X 99370  Y 704370
X 134370  Y 664370
X 109370  Y 639370
X 134370  Y 639370
X 134370  Y 614370
X 109370  Y 614370
X 134370  Y 589370
X 109370  Y 589370
X 134370  Y 564370
X 109370  Y 564370
X 124270  Y 548570
X 128270  Y 544570
X 132270  Y 540570
X 131370  Y 528370
X 112370  Y 421370
X 116370  Y 417370
X 104370  Y 259370
X 129370  Y 249370
X 139370  Y 249370
X 134370  Y 249370
X 134370  Y 244370
X 139370  Y 244370
X 104370  Y 244370
X 129370  Y 244370
X 139370  Y 239370
X 134370  Y 239370
X 129370  Y 239370
X 119370  Y 204370
X 119370  Y 179370
X 134370  Y 159370
X 134370  Y 139370
X 114370  Y 139370
X 134370  Y 119370
X 114370  Y 119370
X 114370  Y 99370
X 114370  Y 79370
X 114370  Y 59370
X 134370  Y 59370
X 134370  Y 49370
X 159370  Y 49370
X 184370  Y 49370
X 151370  Y 528370
X 171370  Y 528370
X 194370  Y 553370
X 159370  Y 564370
X 159370  Y 589370
X 186370  Y 609370
X 159370  Y 614370
X 159370  Y 639370
X 189370  Y 654370
X 159370  Y 664370
X 159370  Y 689370
X 184370  Y 689370
X 184370  Y 714370
X 168370  Y 741370
X 179870  Y 757470
X 180070  Y 782770
X 174370  Y 804370
X 199370  Y 804370
X 224370  Y 804370
X 209370  Y 739370
X 209370  Y 714370
X 243770  Y 683070
X 221170  Y 657770
X 214370  Y 654370
X 221170  Y 609370
X 215370  Y 578470
X 243770  Y 556370
X 215370  Y 550370
X 229370  Y 528370
X 209370  Y 528370
X 225170  Y 498070
X 214370  Y 149370
X 234370  Y 134370
X 234370  Y 74370
X 209370  Y 49370
X 234370  Y 49370
X 259370  Y 49370
X 284370  Y 49370
X 269370  Y 528370
X 289370  Y 528370
X 249370  Y 528370
X 277570  Y 582970
X 295970  Y 590870
X 278370  Y 601870
X 294370  Y 609370
X 250170  Y 618470
X 290270  Y 632970
X 249970  Y 668470
X 249970  Y 673470
X 284370  Y 679370
X 249570  Y 690970
X 270770  Y 692170
X 284370  Y 694370
X 249370  Y 804370
X 274370  Y 804370
X 344370  Y 809370
X 344370  Y 799370
X 310270  Y 782270
X 314270  Y 778270
X 336370  Y 768870
X 328670  Y 744270
X 332370  Y 708970
X 327370  Y 708970
X 299370  Y 694370
X 300670  Y 678170
X 327370  Y 669770
X 332370  Y 665770
X 337370  Y 661770
X 299370  Y 659370
X 342370  Y 657770
X 323370  Y 653770
X 319370  Y 649770
X 329370  Y 644370
X 324370  Y 644370
X 304970  Y 633570
X 300970  Y 629570
X 329370  Y 609370
X 299370  Y 609370
X 319370  Y 609370
X 327370  Y 590370
X 317970  Y 590370
X 307370  Y 587370
X 335670  Y 582170
X 339670  Y 578170
X 307370  Y 573370
X 307070  Y 561070
X 347670  Y 555470
X 343670  Y 551470
X 313870  Y 527370
X 312370  Y 487470
X 340870  Y 487470
X 312970  Y 475470
X 340770  Y 475470
X 313370  Y 463470
X 313770  Y 451470
X 313570  Y 439470
X 344370  Y 429370
X 344370  Y 414370
X 344370  Y 384370
X 304370  Y 384370
X 334370  Y 49370
X 309370  Y 49370
X 375620  Y 231870
X 369370  Y 384370
X 394370  Y 384370
X 397770  Y 411270
X 364670  Y 417370
X 369370  Y 429370
X 384370  Y 429370
X 369470  Y 445970
X 390970  Y 450870
X 353970  Y 460970
X 390970  Y 460970
X 353970  Y 465970
X 393370  Y 467370
X 368070  Y 470970
X 393370  Y 475370
X 352970  Y 475970
X 393370  Y 483370
X 395470  Y 490670
X 391470  Y 494670
X 395470  Y 498670
X 377570  Y 500570
X 377570  Y 527370
X 356370  Y 527370
X 371770  Y 556170
X 355370  Y 558370
X 395470  Y 564270
X 372270  Y 564900
X 354370  Y 592370
X 365370  Y 592370
X 354370  Y 609370
X 364370  Y 609370
X 397370  Y 624370
X 380170  Y 629570
X 384170  Y 633570
X 380170  Y 637570
X 389370  Y 649370
X 359370  Y 649370
X 389370  Y 664370
X 359370  Y 664370
X 389370  Y 684370
X 379370  Y 709370
X 367370  Y 716170
X 379370  Y 724370
X 352670  Y 742970
X 379370  Y 749370
X 372870  Y 768870
X 388870  Y 768870
X 391370  Y 781370
X 362970  Y 789670
X 353570  Y 790270
X 359370  Y 809370
X 411370  Y 781370
X 431370  Y 781370
X 444770  Y 774270
X 421370  Y 768870
X 405870  Y 768870
X 435870  Y 768870
X 421170  Y 750270
X 404370  Y 749370
X 443670  Y 741170
X 414170  Y 737770
X 427570  Y 732770
X 404370  Y 724370
X 413370  Y 722770
X 402870  Y 695770
X 429370  Y 693370
X 440370  Y 693370
X 406870  Y 691770
X 429370  Y 683370
X 440370  Y 683370
X 440370  Y 673370
X 427270  Y 670570
X 440370  Y 664370
X 421370  Y 663370
X 433370  Y 654370
X 440370  Y 654370
X 421370  Y 649370
X 440370  Y 644370
X 433370  Y 644370
X 423270  Y 636070
X 434370  Y 629370
X 439370  Y 629370
X 439370  Y 624370
X 434370  Y 624370
X 444070  Y 611070
X 410870  Y 607770
X 402870  Y 607770
X 429670  Y 604470
X 406870  Y 603770
X 414870  Y 603770
X 416270  Y 584370
X 449170  Y 576370
X 429370  Y 561370
X 441370  Y 561370
X 417370  Y 561370
X 429370  Y 549370
X 441370  Y 549370
X 417370  Y 549370
X 429370  Y 537370
X 441370  Y 537370
X 417370  Y 537370
X 407370  Y 527370
X 412970  Y 502670
X 419270  Y 490970
X 440770  Y 490970
X 436070  Y 445570
X 428570  Y 441370
X 417370  Y 437370
X 439370  Y 429370
X 409370  Y 429370
X 419370  Y 429370
X 429370  Y 429370
X 429370  Y 409370
X 409370  Y 409370
X 439370  Y 409370
X 419370  Y 409370
X 419370  Y 384370
X 479970  Y 399770
X 449370  Y 409370
X 487570  Y 428470
X 474370  Y 435370
X 470370  Y 439370
X 466370  Y 443370
X 465370  Y 461370
X 469370  Y 465370
X 479370  Y 489370
X 484370  Y 489370
X 479370  Y 504370
X 484370  Y 504370
X 452370  Y 509370
X 460370  Y 509370
X 456370  Y 513370
X 470370  Y 530370
X 483470  Y 540170
X 488270  Y 551570
X 484670  Y 572170
X 488670  Y 576570
X 475970  Y 576970
X 471970  Y 580970
X 464270  Y 592770
X 460270  Y 596770
X 456270  Y 600770
X 474370  Y 604370
X 452270  Y 604770
X 474370  Y 624370
X 467970  Y 632070
X 474370  Y 644370
X 474370  Y 669370
X 467870  Y 679670
X 463870  Y 683670
X 459870  Y 687670
X 488670  Y 691670
X 484670  Y 695670
X 484370  Y 724370
X 470670  Y 738070
X 458070  Y 738170
X 484370  Y 749370
X 489370  Y 774370
X 454370  Y 779370
X 514370  Y 774370
X 539370  Y 774370
X 544370  Y 759370
X 509370  Y 749370
X 509370  Y 724370
X 529370  Y 724370
X 544370  Y 714370
X 539370  Y 709370
X 514370  Y 669370
X 499370  Y 669370
X 539370  Y 669370
X 514370  Y 649370
X 539370  Y 649370
X 499370  Y 649370
X 514370  Y 624370
X 539370  Y 624370
X 499370  Y 624370
X 539370  Y 614370
X 514370  Y 604370
X 499370  Y 604370
X 537470  Y 593470
X 532970  Y 589370
X 520670  Y 569170
X 543870  Y 560270
X 543970  Y 552270
X 539970  Y 548270
X 501170  Y 547670
X 539370  Y 529370
X 501270  Y 520770
X 510870  Y 512170
X 509370  Y 504370
X 539370  Y 504370
X 504370  Y 504370
X 509370  Y 489370
X 504370  Y 489370
X 539370  Y 489370
X 539370  Y 464370
X 534370  Y 449370
X 519370  Y 429370
X 539370  Y 429370
X 539370  Y 409370
X 529370  Y 409370
X 529370  Y 399370
X 544370  Y 384370
X 564370  Y 384370
X 554370  Y 384370
X 584370  Y 384370
X 574370  Y 384370
X 594370  Y 384370
X 554370  Y 394370
X 594370  Y 394370
X 594370  Y 414370
X 594370  Y 429370
X 584370  Y 449370
X 559370  Y 449370
X 569370  Y 489370
X 559370  Y 489370
X 589370  Y 489370
X 579370  Y 489370
X 569370  Y 499370
X 579370  Y 499370
X 579370  Y 509370
X 564370  Y 529370
X 570670  Y 544170
X 573970  Y 556270
X 549370  Y 579370
X 569370  Y 579370
X 582370  Y 599370
X 549370  Y 624370
X 588670  Y 636070
X 579370  Y 649370
X 569370  Y 649370
X 549370  Y 649370
X 569370  Y 669370
X 549370  Y 669370
X 579770  Y 677570
X 549370  Y 709370
X 579770  Y 715170
X 574370  Y 734370
X 564370  Y 749370
X 589370  Y 749370
X 564370  Y 774370
X 589370  Y 774370
X 614370  Y 774370
X 639370  Y 774370
X 614370  Y 749370
X 639370  Y 749370
X 609370  Y 729370
X 634370  Y 729370
X 624370  Y 659370
X 636670  Y 657670
X 601370  Y 639370
X 607770  Y 628070
X 648070  Y 620070
X 623770  Y 608570
X 645070  Y 608570
X 616770  Y 596070
X 615170  Y 581070
X 634370  Y 569370
X 619370  Y 569370
X 631870  Y 543870
X 646870  Y 543670
X 646870  Y 515570
X 606970  Y 493170
X 631870  Y 488070
X 646870  Y 486770
X 614370  Y 429370
X 614370  Y 414370
X 649970  Y 399770
X 657570  Y 428270
X 670270  Y 466870
X 698670  Y 486570
X 676870  Y 486870
X 691270  Y 510270
X 692370  Y 515270
X 661770  Y 515370
X 661870  Y 543870
X 669370  Y 569370
X 649370  Y 569370
X 684370  Y 569370
X 684370  Y 584370
X 669370  Y 584370
X 652270  Y 591070
X 652170  Y 596070
X 669370  Y 599370
X 684370  Y 599370
X 669370  Y 614370
X 684370  Y 614370
X 652070  Y 624070
X 674370  Y 659370
X 649370  Y 659370
X 659370  Y 729370
X 689370  Y 749370
X 664370  Y 749370
X 689370  Y 774370
X 664370  Y 774370
X 714370  Y 774370
X 739370  Y 774370
X 714370  Y 749370
X 764370  Y 729370
X 764370  Y 709370
X 699370  Y 659370
X 769370  Y 614370
X 754370  Y 579370
X 769370  Y 579370
X 731870  Y 569270
X 758170  Y 564470
X 725570  Y 552270
X 762570  Y 544870
X 707370  Y 542370
X 722870  Y 535070
X 762570  Y 515770
X 730870  Y 510270
X 733370  Y 505270
X 747570  Y 486770
X 742070  Y 480670
X 768370  Y 435970
X 777570  Y 486970
X 792570  Y 488570
X 815470  Y 493170
X 777570  Y 515670
X 777570  Y 542670
X 792570  Y 543470
X 797770  Y 548970
X 784370  Y 579370
X 823370  Y 586170
X 784370  Y 599370
X 784370  Y 614370
X 823370  Y 617970
X 814370  Y 619370
X 804370  Y 649370
X 804370  Y 659370
X 784370  Y 664370
X 784370  Y 674370
X 779770  Y 676870
X 779770  Y 715170
X 779370  Y 724370
X 814370  Y 726370
X 804370  Y 726370
X 779370  Y 729370
X 804370  Y 736370
X 829370  Y 736370
X 854370  Y 736370
X 824370  Y 726370
X 832170  Y 692370
X 829370  Y 659370
X 854370  Y 659370
X 829370  Y 649370
X 854370  Y 649370
X 844370  Y 634370
X 825270  Y 629470
X 845970  Y 611070
X 859370  Y 594370
X 851370  Y 590370
X 829370  Y 584370
X 854370  Y 579370
X 845970  Y 572870
X 858170  Y 568170
X 850770  Y 556770
X 854370  Y 514370
X 829370  Y 489370
X 854370  Y 489370
X 867170  Y 421770
X 853070  Y 399770
X 940570  Y 476170
X 904370  Y 489370
X 879370  Y 489370
X 929370  Y 489370
X 904370  Y 514370
X 929370  Y 514370
X 879370  Y 514370
X 904370  Y 539370
X 879370  Y 539370
X 929370  Y 539370
X 929370  Y 559370
X 898970  Y 590770
X 909370  Y 594370
X 934370  Y 594370
X 909370  Y 619370
X 934370  Y 619370
X 879370  Y 644370
X 929370  Y 644370
X 904370  Y 644370
X 879370  Y 659370
X 904370  Y 659370
X 904370  Y 736370
X 879370  Y 736370
X 948120  Y 780620
X 954370  Y 644370
X 959370  Y 619370
X 959370  Y 594370
X 964370  Y 559370
X 954370  Y 539370
X 954370  Y 514370
X 979370  Y 509370
X 994370  Y 494370
X 979370  Y 494370
X 954370  Y 489370
X 994370  Y 479370
X 986770  Y 476170
X 954370  Y 459370
X 954370  Y 439370
X 974370  Y 439370
X 988120  Y 253120
X 1026870  Y 338120
X 1026870  Y 359370
X 1026870  Y 380620
X 1024370  Y 404370
X 1029370  Y 404370
X 1018370  Y 415370
X 1009370  Y 464370
X 1022370  Y 470770
X 1009370  Y 479370
X 1069370  Y 649370
X 1069370  Y 654370
X 1069370  Y 659370
X 1069370  Y 664370
X 1069370  Y 669370
X 1069370  Y 674370
X 1069370  Y 699370
X 1069370  Y 704370
X 1069370  Y 709370
X 1045620  Y 710620
X 1069370  Y 714370
X 1069370  Y 719370
X 1017370  Y 750370
X 1079370  Y 719370
X 1074370  Y 719370
X 1074370  Y 714370
X 1079370  Y 714370
X 1074370  Y 709370
X 1079370  Y 709370
X 1079370  Y 704370
X 1074370  Y 704370
X 1079370  Y 699370
X 1074370  Y 699370
X 1074370  Y 674370
X 1079370  Y 674370
X 1074370  Y 669370
X 1079370  Y 669370
X 1074370  Y 664370
X 1079370  Y 664370
X 1079370  Y 659370
X 1074370  Y 659370
X 1079370  Y 654370
X 1074370  Y 654370
X 1079370  Y 649370
X 1074370  Y 649370

Drill: .027  Tool: 3  Feed: 197  Speed: 550
X 205870  Y 665770
X 205870  Y 675770

Drill: .03  Tool: 4  Feed: 197  Speed: 550
X 198470  Y 497370
X 186370  Y 582970
X 246370  Y 640970
X 270770  Y 650570
X 368170  Y 676170
X 371170  Y 623570
X 278070  Y 620970
X 277570  Y 558970
X 579670  Y 538170
X 519370  Y 540770
X 527370  Y 711370
X 595570  Y 730670
X 496070  Y 761270
X 795470  Y 725870
X 868970  Y 621970
X 693970  Y 621470
X 817970  Y 538070

Drill: .037  Tool: 5  Feed: 197  Speed: 550
X 84370  Y 468120
X 94370  Y 468120
X 84370  Y 478120
X 94370  Y 478120
X 84370  Y 488120
X 94370  Y 488120
X 84370  Y 498120
X 94370  Y 498120
X 84370  Y 508120
X 94370  Y 508120
X 84370  Y 518120
X 94370  Y 518120
X 84370  Y 528120
X 94370  Y 528120
X 84370  Y 538120
X 94370  Y 538120
X 84370  Y 548120
X 94370  Y 548120
X 84370  Y 558120
X 94370  Y 558120
X 161870  Y 318120
X 151870  Y 318120
X 154370  Y 280620
X 134370  Y 280620
X 161870  Y 213120
X 151870  Y 213120
X 141870  Y 175620
X 161870  Y 175620
X 164370  Y 110620
X 154370  Y 110620
X 161870  Y 75620
X 141870  Y 75620
X 186870  Y 65620
X 196870  Y 65620
X 206870  Y 65620
X 179370  Y 90620
X 189370  Y 90620
X 179370  Y 130620
X 189370  Y 130620
X 184370  Y 165620
X 194370  Y 165620
X 204370  Y 165620
X 179370  Y 198120
X 189370  Y 198120
X 189370  Y 238120
X 179370  Y 238120
X 184370  Y 270620
X 194370  Y 270620
X 204370  Y 270620
X 188120  Y 298120
X 178120  Y 298120
X 188120  Y 338120
X 178120  Y 338120
X 198970  Y 687870
X 198970  Y 697870
X 319370  Y 215620
X 319370  Y 195620
X 319370  Y 173120
X 319370  Y 153120
X 319370  Y 130620
X 319370  Y 110620
X 319370  Y 88120
X 319370  Y 68120
X 436870  Y 390620
X 507370  Y 395570
X 436870  Y 400620
X 507370  Y 405570
X 507370  Y 415570
X 505670  Y 559170
X 505670  Y 579170
X 549470  Y 598170
X 559470  Y 598170
X 569470  Y 598170
X 550870  Y 570870
X 570870  Y 570870
X 596870  Y 525670
X 596870  Y 515670
X 596870  Y 505670
X 569370  Y 461870
X 579370  Y 461870
X 589370  Y 461870
X 625620  Y 146245
X 665620  Y 146245
X 625620  Y 156245
X 665620  Y 156245
X 625620  Y 166245
X 665620  Y 166245
X 636870  Y 188120
X 656870  Y 188120
X 606870  Y 390620
X 606870  Y 400620
X 616870  Y 451870
X 616870  Y 461870
X 676870  Y 535670
X 676870  Y 515670
X 701870  Y 459370
X 711870  Y 459370
X 721870  Y 459370
X 677370  Y 415570
X 677370  Y 405570
X 677370  Y 395570
X 686870  Y 168820
X 719370  Y 165620
X 686870  Y 153120
X 706870  Y 145620
X 706870  Y 135620
X 706870  Y 125620
X 706870  Y 115620
X 701870  Y 104370
X 701870  Y 93745
X 736870  Y 83120
X 756870  Y 83120
X 741870  Y 93745
X 741870  Y 104370
X 736870  Y 115620
X 736870  Y 125620
X 736870  Y 135620
X 751870  Y 135620
X 736870  Y 145620
X 751870  Y 155620
X 739370  Y 165620
X 766870  Y 210620
X 746870  Y 210620
X 749370  Y 451870
X 749370  Y 461870
X 747570  Y 515670
X 747570  Y 535670
X 766970  Y 598170
X 746970  Y 598170
X 756970  Y 598170
X 827570  Y 525670
X 827570  Y 515670
X 827570  Y 505670
X 836870  Y 459370
X 846870  Y 459370
X 809870  Y 401370
X 809870  Y 391370
X 791870  Y 155620
X 823120  Y 145620
X 791870  Y 135620
X 792495  Y 113195
X 792495  Y 97495
X 861870  Y 145620
X 879370  Y 395570
X 879370  Y 405570
X 879370  Y 415570
X 884370  Y 451870
X 856870  Y 459370
X 884370  Y 461870
X 1049055  Y 584055
X 1049055  Y 574055
X 1049055  Y 564055
X 1049055  Y 554055
X 1049055  Y 544055
X 1049055  Y 534055
X 1049055  Y 524055
X 1049055  Y 514055
X 1049055  Y 504055
X 1049055  Y 494055
X 1049055  Y 484055
X 1049055  Y 474055
X 1049055  Y 464055
X 1049055  Y 454055
X 1049055  Y 444055
X 1049055  Y 434055
X 1049055  Y 424055
X 1049055  Y 414055
X 1049055  Y 404055
X 1049055  Y 384055
X 1049055  Y 364055
X 1049055  Y 344055
X 1049055  Y 324055
X 1049055  Y 314055
X 1049055  Y 304055
X 1049055  Y 294055
X 1049055  Y 284055
X 1049055  Y 274055
X 1035620  Y 151870
X 1035620  Y 113120
X 1069055  Y 274055
X 1069055  Y 284055
X 1069055  Y 294055
X 1069055  Y 304055
X 1069055  Y 314055
X 1069055  Y 324055
X 1069055  Y 334055
X 1069055  Y 344055
X 1069055  Y 354055
X 1069055  Y 364055
X 1069055  Y 374055
X 1069055  Y 384055
X 1069055  Y 394055
X 1069055  Y 404055
X 1069055  Y 414055
X 1069055  Y 424055
X 1069055  Y 434055
X 1069055  Y 444055
X 1069055  Y 454055
X 1069055  Y 464055
X 1069055  Y 474055
X 1069055  Y 484055
X 1069055  Y 494055
X 1069055  Y 504055
X 1069055  Y 514055
X 1069055  Y 524055
X 1069055  Y 534055
X 1069055  Y 544055
X 1069055  Y 554055
X 1069055  Y 564055
X 1069055  Y 574055
X 1069055  Y 584055

Drill: .04  Tool: 6  Feed: 139  Speed: 550
X 198470  Y 394670
X 184470  Y 394670
X 198470  Y 430670
X 184470  Y 430670
X 686870  Y 200070
X 686870  Y 186070
X 944370  Y 565270
X 944370  Y 585270

Drill: .042  Tool: 7  Feed: 139  Speed: 550
X 288120  Y 804370
X 298120  Y 804370
X 308120  Y 804370
X 318120  Y 804370
X 328120  Y 804370
X 489370  Y 459370
X 499370  Y 459370
X 519370  Y 459370
X 509370  Y 459370
X 841870  Y 76120
X 841870  Y 105620
X 529370  Y 459370

Drill: .047  Tool: 8  Feed: 139  Speed: 550
X 89370  Y 94370
X 89370  Y 149370
X 89370  Y 189370
X 89370  Y 229370
X 85620  Y 295620
X 85620  Y 309399
X 85620  Y 323179
X 85620  Y 336958
X 85620  Y 350738
X 85620  Y 364620
X 85620  Y 378420
X 85620  Y 392220
X 143120  Y 800620
X 156899  Y 800620
X 150370  Y 597470
X 198120  Y 338120
X 209370  Y 338120
X 198120  Y 298120
X 209370  Y 298120
X 200620  Y 238120
X 211870  Y 238120
X 211870  Y 198120
X 200620  Y 198120
X 200620  Y 130620
X 211870  Y 130620
X 200620  Y 90620
X 211870  Y 90620
X 239370  Y 90620
X 239370  Y 100620
X 239370  Y 110620
X 239370  Y 191870
X 239370  Y 201870
X 239370  Y 211870
X 239370  Y 295620
X 239370  Y 305620
X 239370  Y 315620
X 245970  Y 398170
X 245970  Y 408170
X 245970  Y 418170
X 456870  Y 425570
X 334070  Y 405270
X 304070  Y 405270
X 456870  Y 385570
X 641870  Y 120620
X 631870  Y 120620
X 608220  Y 196870
X 525620  Y 196870
X 624370  Y 198120
X 626870  Y 385570
X 626870  Y 425570
X 636870  Y 451870
X 506370  Y 613370
X 708970  Y 610670
X 708970  Y 570670
X 676870  Y 451870
X 703770  Y 415370
X 703770  Y 392870
X 664370  Y 198120
X 726870  Y 181120
X 651870  Y 120620
X 726870  Y 63120
X 769370  Y 63120
X 751870  Y 125620
X 791870  Y 125620
X 751870  Y 145620
X 791870  Y 145620
X 791870  Y 165620
X 769370  Y 181120
X 786370  Y 392870
X 786370  Y 415370
X 769370  Y 449370
X 809370  Y 449370
X 796770  Y 570770
X 836770  Y 570770
X 876370  Y 503370
X 904370  Y 449370
X 829870  Y 425570
X 904370  Y 414970
X 829870  Y 385570
X 904370  Y 211870
X 904370  Y 181870
X 861870  Y 165620
X 929370  Y 181870
X 929370  Y 211870
X 986970  Y 414970
X 944370  Y 449370

Drill: .052  Tool: 9  Feed: 107  Speed: 550
X 441870  Y 60620
X 441870  Y 80620
X 441870  Y 100620
X 441870  Y 130620
X 441870  Y 150620
X 441870  Y 170620
X 561870  Y 170620
X 561870  Y 150620
X 561870  Y 130620
X 561870  Y 100620
X 561870  Y 80620
X 561870  Y 60620

Drill: .057  Tool: 10  Feed: 107  Speed: 550
X 791870  Y 208120
X 881870  Y 355620
X 966870  Y 355620
X 881870  Y 311870
X 966870  Y 311870
X 881870  Y 266870
X 966870  Y 266870
X 876870  Y 208120

Drill: .06  Tool: 11  Feed: 89  Speed: 550
X 1044555  Y 394055 X 1053555  Y 394055
X 1044555  Y 374055 X 1053555  Y 374055
X 1044555  Y 354055 X 1053555  Y 354055
X 1044555  Y 334055 X 1053555  Y 334055

Drill: .063  Tool: 12  Feed: 89  Speed: 550
X 361870  Y 60620
X 361870  Y 100620
X 361870  Y 150620
X 411870  Y 150620
X 411870  Y 100620
X 411870  Y 60620
X 641870  Y 55620
X 691870  Y 55620
X 965620  Y 191870
X 965620  Y 211870
X 1015620  Y 211870
X 1015620  Y 191870

Drill: .067  Tool: 13  Feed: 89  Speed: 550
X 261870  Y 66220
X 261870  Y 100620
X 261870  Y 135020
X 261870  Y 167470
X 261870  Y 201870
X 261870  Y 236270
X 261870  Y 271220
X 261870  Y 305620
X 261870  Y 340020
X 264670  Y 725070
X 264670  Y 745070
X 607470  Y 98120
X 641870  Y 98120
X 901870  Y 69370
X 676270  Y 98120
X 901870  Y 151870
X 980620  Y 151870
X 980620  Y 69370

Drill: .08  Tool: 14  Feed: 74  Speed: 550
X 406870  Y 265620
X 446870  Y 265620
X 426870  Y 266245
X 446870  Y 355620
X 426870  Y 355620
X 406870  Y 356171
X 485610  Y 356171
X 576870  Y 356171
X 466870  Y 355620
X 596870  Y 355620
X 596870  Y 266245
X 485610  Y 265620
X 576870  Y 265620
X 466870  Y 265620
X 616870  Y 265620
X 636870  Y 265620
X 655610  Y 265620
X 746870  Y 265620
X 616870  Y 355620
X 636870  Y 355620
X 655610  Y 356171
X 746870  Y 356171
X 825610  Y 356171
X 786870  Y 355620
X 806870  Y 355620
X 766870  Y 355620
X 766870  Y 266245
X 786870  Y 265620
X 825610  Y 265620
X 806870  Y 265620

Drill: .1  Tool: 15  Feed: 69  Speed: 658
X 268770  Y 408170

Drill: .11  Tool: 16  Feed: 69  Speed: 658
X 1078955  Y 253555
X 1079055  Y 604055

Drill: .14  Tool: 17  Feed: 35  Speed: 900
X 59055  Y 59055
X 59055  Y 799212
X 1052362  Y 799212
X 570866  Y 413385
X 1052362  Y 59055

End of Listing
