Drill Listing
=============
Drill: .015  Tool: 1  Feed: 95  Speed: 300
X 594670  Y 321670
X 598570  Y 317670
X 618370  Y 319470
X 627070  Y 319470
X 662970  Y 307970
X 682970  Y 378370
X 678970  Y 384270
X 674970  Y 362370
X 662870  Y 351570
X 660970  Y 362370
X 660170  Y 387270
X 658970  Y 341170
X 657570  Y 348070
X 656170  Y 383270
X 651070  Y 353870
X 642970  Y 325970
X 598570  Y 325670
X 598570  Y 333670
X 594670  Y 337570
X 594570  Y 329670
X 570870  Y 378770
X 570570  Y 363470
X 640770  Y 406270
X 655670  Y 402270

Drill: .01575  Tool: 2  Feed: 95  Speed: 300
X 99370  Y 49370
X 124370  Y 49370
X 149370  Y 49370
X 174370  Y 49370
X 199370  Y 49370
X 199370  Y 64370
X 224370  Y 49370
X 224370  Y 64370
X 249370  Y 49370
X 249370  Y 64370
X 274370  Y 49370
X 274370  Y 64370
X 299370  Y 49370
X 299370  Y 64370
X 324370  Y 49370
X 324370  Y 64370
X 349370  Y 49370
X 349370  Y 64370
X 374370  Y 49370
X 374370  Y 64370
X 399370  Y 49370
X 439370  Y 49370
X 464370  Y 49370
X 489370  Y 49370
X 514370  Y 49370
X 539370  Y 49370
X 564370  Y 49370
X 589370  Y 49370
X 614370  Y 49370
X 639370  Y 49370
X 664370  Y 49370
X 689370  Y 49370
X 714370  Y 49370
X 739370  Y 49370
X 789370  Y 84370
X 764370  Y 84370
X 757712  Y 81870
X 739370  Y 74370
X 714370  Y 74370
X 689370  Y 74370
X 689370  Y 94370
X 664370  Y 74370
X 664370  Y 94370
X 639370  Y 74370
X 639370  Y 94370
X 614370  Y 74370
X 614370  Y 94370
X 589370  Y 74370
X 585870  Y 80870
X 581870  Y 84870
X 564370  Y 74370
X 539370  Y 74370
X 514370  Y 74370
X 489370  Y 74370
X 464370  Y 74370
X 439370  Y 74370
X 422470  Y 94170
X 404370  Y 84370
X 389370  Y 94370
X 379370  Y 84370
X 174370  Y 74370
X 149370  Y 74370
X 124370  Y 74370
X 99370  Y 74370
X 397370  Y 101370
X 409370  Y 101370
X 434370  Y 124370
X 459370  Y 124370
X 484370  Y 124370
X 509370  Y 124370
X 559370  Y 124370
X 579370  Y 124370
X 609370  Y 114370
X 619370  Y 114370
X 657370  Y 144670
X 674370  Y 139370
X 674370  Y 114370
X 689370  Y 139370
X 789370  Y 104370
X 709370  Y 164370
X 694370  Y 184370
X 689370  Y 164370
X 684370  Y 184370
X 657670  Y 157270
X 634370  Y 154370
X 614470  Y 174070
X 614370  Y 149370
X 599370  Y 174370
X 599370  Y 149370
X 579370  Y 149370
X 579370  Y 174370
X 572270  Y 191670
X 559370  Y 174370
X 559370  Y 149370
X 534370  Y 174370
X 534370  Y 149370
X 509370  Y 174370
X 509370  Y 149370
X 484370  Y 174370
X 484370  Y 149370
X 459370  Y 149370
X 459370  Y 174370
X 419370  Y 184370
X 419370  Y 159370
X 419370  Y 209370
X 419370  Y 234370
X 435670  Y 245470
X 459370  Y 199370
X 484370  Y 199370
X 509370  Y 199370
X 534370  Y 199370
X 573970  Y 224070
X 597970  Y 231770
X 605570  Y 248870
X 624470  Y 215970
X 655170  Y 210170
X 669370  Y 199370
X 684370  Y 204370
X 694370  Y 204370
X 694870  Y 215970
X 694870  Y 227970
X 694870  Y 239970
X 702870  Y 235470
X 707370  Y 242370
X 709370  Y 199370
X 719370  Y 219370
X 719370  Y 229370
X 729370  Y 242370
X 737370  Y 240370
X 754370  Y 239370
X 754370  Y 214370
X 774370  Y 239370
X 779370  Y 214370
X 789370  Y 244370
X 789370  Y 264370
X 789370  Y 289370
X 764370  Y 289370
X 739370  Y 289370
X 727770  Y 262370
X 691770  Y 263970
X 689370  Y 289370
X 656870  Y 262370
X 656270  Y 274370
X 633870  Y 286370
X 633870  Y 274370
X 625870  Y 261670
X 624270  Y 290070
X 610270  Y 286170
X 609570  Y 252870
X 609370  Y 269370
X 575370  Y 285870
X 574370  Y 274370
X 559370  Y 274370
X 557570  Y 293970
X 519370  Y 284370
X 494370  Y 284370
X 469370  Y 284370
X 456670  Y 264670
X 444470  Y 260670
X 444370  Y 284370
X 419370  Y 259370
X 419370  Y 284370
X 269370  Y 339370
X 294370  Y 339370
X 319370  Y 339370
X 344370  Y 339370
X 369370  Y 339370
X 394370  Y 339370
X 419370  Y 309370
X 419370  Y 334370
X 444370  Y 309370
X 444370  Y 334370
X 469370  Y 309370
X 488070  Y 333570
X 492070  Y 329570
X 494370  Y 309370
X 506070  Y 325570
X 510070  Y 321570
X 519370  Y 309370
X 552270  Y 308570
X 598570  Y 341570
X 640370  Y 348370
X 652370  Y 334370
X 689370  Y 309370
X 714370  Y 309370
X 714370  Y 334370
X 739370  Y 309370
X 739370  Y 334370
X 764370  Y 309370
X 764370  Y 334370
X 789370  Y 334370
X 789370  Y 309370
X 789370  Y 359370
X 789370  Y 379370
X 764370  Y 359370
X 764370  Y 379370
X 739370  Y 359370
X 739370  Y 379370
X 714370  Y 359370
X 704370  Y 364370
X 693270  Y 354670
X 629370  Y 369370
X 629370  Y 359370
X 629370  Y 379370
X 619370  Y 369370
X 619370  Y 379370
X 619370  Y 359370
X 609370  Y 359370
X 609370  Y 379370
X 609370  Y 369370
X 552970  Y 367570
X 485670  Y 375470
X 469670  Y 361870
X 465670  Y 357870
X 461670  Y 353870
X 447670  Y 382770
X 432670  Y 359870
X 424370  Y 394370
X 417870  Y 382770
X 405170  Y 398270
X 394370  Y 394370
X 369370  Y 359370
X 369070  Y 398170
X 364070  Y 396070
X 359070  Y 399170
X 349070  Y 396770
X 344370  Y 359370
X 339070  Y 396770
X 319370  Y 359370
X 319270  Y 396070
X 298970  Y 366670
X 294370  Y 359370
X 294070  Y 395370
X 290070  Y 383370
X 286070  Y 387370
X 282070  Y 383370
X 278070  Y 387370
X 210870  Y 381670
X 196270  Y 390870
X 153770  Y 389570
X 79370  Y 399370
X 114770  Y 443970
X 156770  Y 418970
X 156870  Y 433270
X 174370  Y 400370
X 175970  Y 428170
X 199970  Y 428070
X 209170  Y 408970
X 214170  Y 403970
X 214370  Y 434370
X 223470  Y 399670
X 252270  Y 421070
X 265870  Y 446670
X 278070  Y 404870
X 279370  Y 434370
X 286070  Y 422370
X 290070  Y 404870
X 310070  Y 437770
X 330170  Y 404270
X 334070  Y 433370
X 344070  Y 433370
X 349070  Y 439470
X 359070  Y 438070
X 364070  Y 433370
X 376270  Y 438470
X 376270  Y 431470
X 386270  Y 419570
X 388270  Y 435470
X 394370  Y 414370
X 409370  Y 414370
X 454370  Y 404370
X 458870  Y 415770
X 574370  Y 444370
X 594370  Y 444370
X 596070  Y 416270
X 609170  Y 440070
X 617770  Y 439970
X 644370  Y 444370
X 664370  Y 444370
X 739370  Y 404370
X 739370  Y 429370
X 764370  Y 404370
X 764370  Y 429370
X 789370  Y 429370
X 789370  Y 404370
X 789370  Y 454370
X 764370  Y 454370
X 744370  Y 489370
X 719370  Y 489370
X 694370  Y 489370
X 670970  Y 465070
X 669370  Y 489370
X 654770  Y 471970
X 644370  Y 464370
X 644370  Y 489370
X 619370  Y 464370
X 619370  Y 489370
X 599370  Y 464370
X 594370  Y 489370
X 579370  Y 464370
X 569370  Y 489370
X 554370  Y 464370
X 544370  Y 489370
X 543470  Y 461470
X 519370  Y 489370
X 489670  Y 485170
X 485670  Y 481170
X 481670  Y 485170
X 477670  Y 481170
X 473670  Y 493170
X 469670  Y 467470
X 454370  Y 484370
X 429370  Y 484370
X 404370  Y 484370
X 379370  Y 484370
X 354370  Y 484370
X 329370  Y 484370
X 304370  Y 484370
X 294370  Y 449370
X 279370  Y 484370
X 279370  Y 449370
X 273970  Y 456370
X 265970  Y 486670
X 251970  Y 479570
X 246970  Y 479570
X 220470  Y 492070
X 216470  Y 496070
X 214370  Y 454370
X 201770  Y 480670
X 201370  Y 458270
X 201370  Y 463270
X 186770  Y 480270
X 170670  Y 454470
X 170670  Y 477070
X 153770  Y 484270
X 153770  Y 467770
X 134370  Y 489370
X 109370  Y 489370
X 96370  Y 482770
X 85970  Y 478770
X 84370  Y 489370
X 84370  Y 514370
X 109370  Y 514370
X 134370  Y 514370
X 159370  Y 514370
X 205970  Y 511970
X 209970  Y 507970
X 212470  Y 500070
X 249370  Y 515370
X 274370  Y 515370
X 299370  Y 515370
X 324370  Y 515370
X 349370  Y 515370
X 374370  Y 515370
X 399370  Y 515370
X 424370  Y 515370
X 449370  Y 515370
X 474370  Y 515370
X 494370  Y 514370
X 519370  Y 514370
X 544370  Y 514370
X 569370  Y 514370
X 594370  Y 514370
X 619370  Y 514370
X 644370  Y 514370
X 669370  Y 514370
X 694370  Y 514370
X 719370  Y 514370
X 744370  Y 514370

Drill: .027  Tool: 3  Feed: 197  Speed: 550
X 744370  Y 222970
X 744370  Y 232970

Drill: .0315  Tool: 4  Feed: 197  Speed: 550
X 126470  Y 404009
X 126470  Y 433930

Drill: .03543  Tool: 5  Feed: 197  Speed: 550
X 484870  Y 92070
X 484870  Y 112070
X 484870  Y 102070
X 715370  Y 187970
X 725370  Y 187970
X 721770  Y 322270
X 688170  Y 327170
X 540370  Y 368270
X 521370  Y 364470
X 507770  Y 352870
X 496070  Y 362470
X 92170  Y 443970
X 92170  Y 433970
X 576970  Y 404470
X 582170  Y 433970
X 633070  Y 448170
X 637370  Y 417670
X 657370  Y 417670
X 729370  Y 469370
X 759370  Y 469370
X 320970  Y 482670

Drill: .037  Tool: 6  Feed: 197  Speed: 550
X 550270  Y 202670
X 560270  Y 202670
X 737370  Y 202670
X 747370  Y 202670
X 747370  Y 261770
X 737370  Y 261770
X 692470  Y 394570
X 682470  Y 394570
X 560270  Y 261670
X 550270  Y 261670
X 511370  Y 382770
X 501370  Y 382770
X 385370  Y 382770
X 375370  Y 382770
X 312470  Y 382770
X 302470  Y 382770
X 127470  Y 382770
X 117470  Y 382770
X 117470  Y 461470
X 127470  Y 461470
X 302470  Y 461470
X 312470  Y 461470
X 375370  Y 461470
X 385370  Y 461470
X 422570  Y 422170
X 432570  Y 422170
X 501370  Y 461470
X 511370  Y 461470
X 518870  Y 426070
X 528870  Y 426070
X 682470  Y 449670
X 692470  Y 449670

Drill: .03937  Tool: 7  Feed: 197  Speed: 550
X 626084  Y 122070
X 635927  Y 122070
X 645770  Y 122070
X 655612  Y 122070
X 665455  Y 122070

Drill: .04  Tool: 8  Feed: 139  Speed: 550
X 223470  Y 381370
X 270670  Y 381370

Drill: .047  Tool: 9  Feed: 139  Speed: 550
X 106570  Y 87170
X 106570  Y 104770
X 132170  Y 104770
X 132170  Y 87170
X 164470  Y 87170
X 164470  Y 104770
X 190070  Y 104770
X 190070  Y 87170
X 221570  Y 87170
X 221570  Y 104770
X 247170  Y 87170
X 247170  Y 104770
X 279470  Y 87170
X 279470  Y 104770
X 305070  Y 104770
X 305070  Y 87170
X 337370  Y 87170
X 337370  Y 104770
X 362970  Y 104770
X 362970  Y 87170
X 658570  Y 174070
X 658570  Y 191670
X 658570  Y 224070
X 632970  Y 191670
X 632970  Y 224070
X 632970  Y 174070
X 472470  Y 224070
X 446870  Y 224070
X 104170  Y 353970
X 114170  Y 353970
X 124170  Y 353970
X 134170  Y 353970
X 144170  Y 353970
X 154170  Y 353970
X 164170  Y 353970
X 174170  Y 353970
X 184170  Y 353970
X 194170  Y 353970
X 204170  Y 353970
X 214170  Y 353970
X 224170  Y 353970
X 234170  Y 353970
X 244170  Y 353970
X 254170  Y 353970
X 446870  Y 241670
X 472470  Y 241670
X 632970  Y 241670
X 658570  Y 241670

Drill: .04724  Tool: 10  Feed: 139  Speed: 550
X 58970  Y 377810
X 58970  Y 391590
X 58970  Y 405370
X 58970  Y 419149
X 59170  Y 458480
X 59170  Y 472259
X 58970  Y 432929

Drill: .04921  Tool: 11  Feed: 139  Speed: 550
X 738027  Y 131570
X 757712  Y 131570

Drill: .1  Tool: 12  Feed: 69  Speed: 658
X 74670  Y 137370
X 74670  Y 353970
X 397570  Y 137370
X 397570  Y 353970

Drill: .12598  Tool: 13  Feed: 35  Speed: 794
X 58970  Y 58970
X 419370  Y 59070
X 507470  Y 232970
X 779570  Y 59070
X 779570  Y 503970
X 58970  Y 503970

End of Listing
