Drill Listing
=============
Drill: .01575  Tool: 1  Feed: 95  Speed: 300
X 99370  Y 49370
X 124370  Y 49370
X 149370  Y 49370
X 174370  Y 49370
X 199370  Y 49370
X 224370  Y 49370
X 249370  Y 49370
X 274370  Y 49370
X 299370  Y 49370
X 324370  Y 49370
X 349370  Y 49370
X 374370  Y 49370
X 374370  Y 64370
X 399370  Y 64370
X 399370  Y 49370
X 424370  Y 49370
X 424370  Y 64370
X 464370  Y 49370
X 489370  Y 49370
X 514370  Y 49370
X 539370  Y 49370
X 564370  Y 49370
X 589370  Y 49370
X 664370  Y 49370
X 689370  Y 49370
X 714370  Y 49370
X 739370  Y 49370
X 764370  Y 49370
X 789370  Y 49370
X 799370  Y 64370
X 814370  Y 49370
X 824370  Y 64370
X 839370  Y 49370
X 849370  Y 64370
X 864370  Y 49370
X 874370  Y 64370
X 889370  Y 49370
X 913870  Y 46370
X 997370  Y 52370
X 1007370  Y 56370
X 1039370  Y 49370
X 1049370  Y 69370
X 1064370  Y 49370
X 1064370  Y 69370
X 1089370  Y 49370
X 1129370  Y 49370
X 1154370  Y 49370
X 1179370  Y 49370
X 1204370  Y 99370
X 1179370  Y 74370
X 1179370  Y 99370
X 1154370  Y 74370
X 1154370  Y 99370
X 1054670  Y 93370
X 1052370  Y 114370
X 1019370  Y 99370
X 1004470  Y 104670
X 1000470  Y 108670
X 998370  Y 120370
X 997370  Y 96370
X 987070  Y 100670
X 983970  Y 119070
X 964370  Y 94370
X 944370  Y 84370
X 944370  Y 94370
X 938670  Y 120670
X 934370  Y 84370
X 919370  Y 119370
X 903070  Y 104770
X 901670  Y 113470
X 874370  Y 79370
X 849370  Y 79370
X 834370  Y 104370
X 834370  Y 119370
X 824370  Y 79370
X 809370  Y 104370
X 809370  Y 119370
X 799370  Y 79370
X 774370  Y 79370
X 756370  Y 104370
X 744370  Y 81770
X 740370  Y 85770
X 739370  Y 74370
X 734370  Y 109370
X 714370  Y 74370
X 709370  Y 109370
X 689370  Y 74370
X 683870  Y 113070
X 664370  Y 74370
X 630670  Y 108070
X 619370  Y 99370
X 594370  Y 99370
X 589370  Y 74370
X 564370  Y 104370
X 564370  Y 74370
X 544370  Y 104370
X 542370  Y 80370
X 534370  Y 119370
X 509370  Y 119370
X 484370  Y 119370
X 467370  Y 100370
X 467370  Y 73370
X 459370  Y 119370
X 454370  Y 87370
X 434370  Y 119370
X 432570  Y 80170
X 420370  Y 101370
X 399370  Y 89370
X 399370  Y 104370
X 374370  Y 89370
X 374370  Y 104370
X 349370  Y 74370
X 324370  Y 74370
X 299370  Y 74370
X 289370  Y 104370
X 274370  Y 74370
X 249370  Y 74370
X 234370  Y 104370
X 224370  Y 74370
X 199370  Y 74370
X 199370  Y 99370
X 174370  Y 99370
X 174370  Y 74370
X 149370  Y 99370
X 149370  Y 74370
X 124370  Y 74370
X 124370  Y 99370
X 99370  Y 99370
X 99370  Y 74370
X 74370  Y 99370
X 49370  Y 99370
X 49370  Y 124370
X 49370  Y 149370
X 74370  Y 124370
X 74370  Y 149370
X 99370  Y 124370
X 99370  Y 149370
X 124370  Y 149370
X 149370  Y 149370
X 171370  Y 123370
X 174370  Y 154370
X 199370  Y 154370
X 224370  Y 154370
X 230370  Y 123370
X 249370  Y 154370
X 271870  Y 153770
X 288370  Y 124370
X 346370  Y 123370
X 397370  Y 122370
X 409370  Y 144370
X 434370  Y 144370
X 459370  Y 144370
X 514370  Y 144370
X 651670  Y 122370
X 699370  Y 161370
X 709370  Y 134370
X 719370  Y 161370
X 734370  Y 134370
X 746770  Y 132870
X 750370  Y 163370
X 750770  Y 128870
X 756370  Y 122370
X 774370  Y 129370
X 780370  Y 162370
X 799370  Y 129370
X 804370  Y 162370
X 821670  Y 128670
X 931070  Y 150670
X 939070  Y 150670
X 939070  Y 142670
X 942670  Y 124670
X 959370  Y 161370
X 971370  Y 161370
X 979570  Y 134370
X 983370  Y 161370
X 983570  Y 138370
X 987570  Y 134370
X 991570  Y 138370
X 1004670  Y 161270
X 1008670  Y 157270
X 1012670  Y 163170
X 1012970  Y 153270
X 1016670  Y 167170
X 1019370  Y 121370
X 1036470  Y 133970
X 1040470  Y 129970
X 1052370  Y 129370
X 1052570  Y 168270
X 1064370  Y 129370
X 1120470  Y 159070
X 1124470  Y 163070
X 1128470  Y 171070
X 1132470  Y 167070
X 1134370  Y 144370
X 1154370  Y 124370
X 1179370  Y 124370
X 1179370  Y 149370
X 1204370  Y 124370
X 1204370  Y 149370
X 1204370  Y 174370
X 1179370  Y 174370
X 1132170  Y 193570
X 1032470  Y 191070
X 1028470  Y 187070
X 983370  Y 185370
X 983370  Y 173370
X 971370  Y 185370
X 971370  Y 173370
X 959370  Y 185370
X 959370  Y 173370
X 933870  Y 189170
X 929870  Y 185170
X 925870  Y 181170
X 910470  Y 172770
X 904170  Y 189470
X 903970  Y 180870
X 894370  Y 187370
X 886770  Y 181670
X 878370  Y 188370
X 853370  Y 188370
X 831370  Y 174370
X 830770  Y 194770
X 816770  Y 194270
X 807970  Y 190570
X 803970  Y 171770
X 792370  Y 179370
X 750370  Y 177370
X 746670  Y 188670
X 742670  Y 184670
X 727370  Y 177370
X 699370  Y 174370
X 693970  Y 182970
X 674370  Y 174370
X 649370  Y 174370
X 624370  Y 174370
X 617670  Y 171770
X 549370  Y 174370
X 524370  Y 174370
X 499370  Y 174370
X 474370  Y 174370
X 449370  Y 174370
X 424370  Y 174370
X 399370  Y 174370
X 374370  Y 174370
X 349370  Y 174370
X 324370  Y 174370
X 299370  Y 174370
X 274370  Y 174370
X 249370  Y 174370
X 224370  Y 174370
X 199370  Y 174370
X 174370  Y 174370
X 149370  Y 174370
X 124370  Y 174370
X 99370  Y 174370
X 74370  Y 174370
X 49370  Y 174370
X 49370  Y 199370
X 49370  Y 224370
X 74370  Y 199370
X 74370  Y 224370
X 449370  Y 199370
X 449370  Y 224370
X 474370  Y 199370
X 499370  Y 199370
X 524370  Y 199370
X 549370  Y 224370
X 574370  Y 199370
X 574370  Y 245370
X 574370  Y 224370
X 599370  Y 199370
X 599370  Y 245370
X 599370  Y 224370
X 624370  Y 199370
X 624370  Y 245370
X 624370  Y 224370
X 649370  Y 199370
X 684370  Y 245370
X 694370  Y 204370
X 694370  Y 224370
X 709370  Y 245370
X 719370  Y 224370
X 719370  Y 204370
X 749370  Y 223370
X 749370  Y 245370
X 749370  Y 198370
X 780370  Y 245370
X 781370  Y 230370
X 795770  Y 199570
X 800770  Y 225370
X 805770  Y 214970
X 805770  Y 241370
X 810770  Y 198270
X 810770  Y 225370
X 820770  Y 241370
X 820770  Y 198270
X 825770  Y 241370
X 847170  Y 224270
X 853370  Y 212370
X 869370  Y 201370
X 875770  Y 224870
X 879770  Y 220870
X 893370  Y 212370
X 901270  Y 221170
X 907870  Y 226870
X 908370  Y 212370
X 941370  Y 227370
X 950270  Y 223870
X 960770  Y 242570
X 969370  Y 242470
X 998370  Y 245370
X 1006470  Y 204770
X 1028470  Y 200770
X 1032470  Y 196770
X 1064370  Y 229370
X 1089370  Y 229370
X 1089370  Y 204370
X 1132370  Y 231570
X 1132570  Y 243570
X 1132770  Y 205570
X 1144570  Y 204870
X 1167170  Y 205170
X 1169370  Y 214370
X 1194370  Y 214370
X 1219370  Y 239370
X 1219370  Y 214370
X 1219370  Y 264370
X 1219370  Y 289370
X 1194370  Y 264370
X 1194370  Y 289370
X 1169370  Y 264370
X 1169370  Y 289370
X 1165470  Y 267470
X 1144370  Y 289370
X 1114570  Y 262370
X 1089370  Y 254370
X 1064370  Y 254370
X 1042470  Y 251470
X 1038470  Y 263470
X 1034470  Y 251470
X 1030470  Y 263470
X 1026470  Y 251470
X 1022470  Y 263470
X 960770  Y 270270
X 930870  Y 281170
X 929870  Y 263470
X 820770  Y 254170
X 810070  Y 249670
X 799370  Y 289370
X 774370  Y 289370
X 733170  Y 263470
X 548370  Y 246370
X 523370  Y 246370
X 449370  Y 274370
X 449370  Y 249370
X 74370  Y 249370
X 74370  Y 274370
X 49370  Y 249370
X 49370  Y 274370
X 49370  Y 299370
X 49370  Y 324370
X 74370  Y 299370
X 74370  Y 324370
X 449370  Y 299370
X 449370  Y 324370
X 464370  Y 306470
X 472370  Y 324370
X 494370  Y 299370
X 494370  Y 324370
X 514370  Y 299370
X 514370  Y 324370
X 539370  Y 324370
X 539370  Y 299370
X 559370  Y 344370
X 564370  Y 299370
X 579370  Y 324370
X 579370  Y 344370
X 589370  Y 299370
X 604370  Y 324370
X 604370  Y 344370
X 614370  Y 299370
X 629370  Y 324370
X 629370  Y 344370
X 639370  Y 299370
X 654370  Y 324370
X 654370  Y 344370
X 664370  Y 299370
X 679370  Y 324370
X 697370  Y 299370
X 697370  Y 321370
X 722370  Y 299370
X 722370  Y 321370
X 729170  Y 342270
X 744370  Y 344370
X 749370  Y 321370
X 749370  Y 299370
X 774370  Y 324370
X 774370  Y 309370
X 799370  Y 309370
X 799370  Y 324370
X 809370  Y 324370
X 825770  Y 325670
X 829770  Y 329670
X 833770  Y 325670
X 837770  Y 329670
X 859370  Y 344370
X 874370  Y 332370
X 874370  Y 344370
X 905370  Y 331370
X 929070  Y 342270
X 944370  Y 331370
X 944370  Y 344370
X 966570  Y 329570
X 969270  Y 321570
X 973270  Y 325570
X 999370  Y 324370
X 1024370  Y 299370
X 1024370  Y 324370
X 1049370  Y 299370
X 1049370  Y 324370
X 1094370  Y 299370
X 1119370  Y 314370
X 1119370  Y 339370
X 1144370  Y 314370
X 1144370  Y 339370
X 1169370  Y 314370
X 1169370  Y 339370
X 1194370  Y 339370
X 1194370  Y 314370
X 1219370  Y 314370
X 1219370  Y 339370
X 1219370  Y 364370
X 1219370  Y 389370
X 1194370  Y 364370
X 1194370  Y 389370
X 1169370  Y 364370
X 1169370  Y 389370
X 1144370  Y 364370
X 1144370  Y 389370
X 1119370  Y 364370
X 1119370  Y 389370
X 1084370  Y 374370
X 1054370  Y 374370
X 1049370  Y 349370
X 1044370  Y 394370
X 1029370  Y 374370
X 1024370  Y 349370
X 1019370  Y 394370
X 1004370  Y 374370
X 999370  Y 349370
X 994370  Y 394370
X 979370  Y 359370
X 979370  Y 374370
X 969370  Y 394370
X 954370  Y 374370
X 954370  Y 359370
X 944370  Y 394370
X 929370  Y 374370
X 929370  Y 359370
X 909370  Y 374370
X 909370  Y 359370
X 894370  Y 374370
X 894370  Y 394370
X 894370  Y 359370
X 876170  Y 387170
X 862170  Y 361170
X 828170  Y 364770
X 827370  Y 374370
X 827370  Y 393370
X 824170  Y 356770
X 809870  Y 367870
X 785870  Y 367870
X 780370  Y 394370
X 767170  Y 373770
X 742170  Y 395770
X 738170  Y 391770
X 734170  Y 387770
X 729370  Y 364370
X 704370  Y 364370
X 679370  Y 364370
X 654370  Y 364370
X 629370  Y 364370
X 604370  Y 364370
X 579370  Y 364370
X 559370  Y 364370
X 539370  Y 364370
X 514370  Y 364370
X 494370  Y 374370
X 494370  Y 349370
X 472370  Y 374370
X 472370  Y 349370
X 449370  Y 374370
X 449370  Y 394370
X 449370  Y 349370
X 74370  Y 349370
X 74370  Y 374370
X 49370  Y 349370
X 49370  Y 374370
X 49370  Y 399370
X 74370  Y 399370
X 89370  Y 424370
X 89370  Y 444370
X 114370  Y 424370
X 114370  Y 444370
X 209370  Y 442770
X 223570  Y 432670
X 234370  Y 439370
X 436370  Y 435370
X 454370  Y 439370
X 469370  Y 429370
X 469370  Y 439370
X 564370  Y 409370
X 594370  Y 419370
X 594370  Y 444370
X 654370  Y 419370
X 654370  Y 444370
X 679370  Y 419370
X 679370  Y 444370
X 704370  Y 419370
X 704370  Y 444370
X 729370  Y 444370
X 729370  Y 419370
X 751170  Y 399770
X 754370  Y 444370
X 754370  Y 419370
X 774670  Y 413770
X 779370  Y 444370
X 796770  Y 420370
X 804870  Y 432870
X 809370  Y 403770
X 809370  Y 398770
X 809670  Y 413770
X 819470  Y 438970
X 830370  Y 437370
X 856870  Y 434370
X 861870  Y 434370
X 881070  Y 442370
X 881370  Y 432370
X 891070  Y 438370
X 903370  Y 411370
X 912370  Y 402370
X 919370  Y 439370
X 944370  Y 439370
X 944370  Y 414370
X 969370  Y 439370
X 969370  Y 414370
X 994370  Y 414370
X 994370  Y 439370
X 1019370  Y 439370
X 1019370  Y 414370
X 1044370  Y 439370
X 1044370  Y 414370
X 1069370  Y 439370
X 1069370  Y 414370
X 1094370  Y 439370
X 1094370  Y 414370
X 1119370  Y 439370
X 1119370  Y 414370
X 1144370  Y 439370
X 1144370  Y 414370
X 1169370  Y 439370
X 1169370  Y 414370
X 1194370  Y 414370
X 1219370  Y 414370

Drill: .027  Tool: 2  Feed: 197  Speed: 550
X 1180970  Y 188570
X 1180970  Y 198570

Drill: .0315  Tool: 3  Feed: 197  Speed: 550
X 481770  Y 262170
X 662570  Y 208109
X 662570  Y 238030
X 886670  Y 289870
X 1038570  Y 86470
X 1046870  Y 153270
X 890670  Y 411570
X 827270  Y 422470
X 760570  Y 302870
X 126670  Y 430870

Drill: .03543  Tool: 4  Feed: 197  Speed: 550
X 498770  Y 88070
X 498770  Y 78070
X 498770  Y 98070
X 849370  Y 175370
X 864370  Y 175370
X 866470  Y 113370
X 879370  Y 175370
X 894370  Y 175370
X 1061870  Y 151670
X 1063270  Y 168770
X 1078970  Y 168170
X 1151970  Y 153570
X 1161970  Y 153570
X 1061070  Y 237070
X 1008670  Y 222570
X 988670  Y 222570
X 946670  Y 207770
X 941170  Y 245570
X 771770  Y 222070
X 512570  Y 382270
X 502570  Y 382270

Drill: .037  Tool: 5  Feed: 197  Speed: 550
X 575270  Y 112670
X 575270  Y 171770
X 585270  Y 112670
X 585270  Y 171770
X 762470  Y 171770
X 762470  Y 112770
X 772470  Y 112770
X 772470  Y 171770
X 1077970  Y 275270
X 1067970  Y 275270
X 896670  Y 263470
X 886670  Y 263470
X 817870  Y 302870
X 807870  Y 302870
X 770570  Y 263470
X 760570  Y 263470
X 697670  Y 263470
X 687670  Y 263470
X 512570  Y 263470
X 502570  Y 263470
X 502570  Y 342270
X 512570  Y 342270
X 687670  Y 342270
X 697670  Y 342270
X 760570  Y 342270
X 770570  Y 342270
X 886670  Y 342270
X 896670  Y 342270
X 1067970  Y 330470
X 1067970  Y 385570
X 1077970  Y 330470
X 1077970  Y 385570

Drill: .03937  Tool: 6  Feed: 197  Speed: 550
X 885184  Y 68570
X 895027  Y 68570
X 904870  Y 68570
X 914712  Y 68570
X 924555  Y 68570

Drill: .04  Tool: 7  Feed: 139  Speed: 550
X 246470  Y 437370
X 293670  Y 437370

Drill: .047  Tool: 8  Feed: 139  Speed: 550
X 130370  Y 114370
X 130370  Y 131970
X 155970  Y 114370
X 155970  Y 131970
X 188370  Y 114370
X 188370  Y 131970
X 213970  Y 114370
X 213970  Y 131970
X 246270  Y 114370
X 246270  Y 131970
X 271870  Y 114370
X 271870  Y 131970
X 304270  Y 114370
X 304270  Y 131970
X 329870  Y 131970
X 329870  Y 114370
X 362170  Y 131970
X 362170  Y 114370
X 387770  Y 131970
X 387770  Y 114370
X 471870  Y 134270
X 497470  Y 134270
X 658070  Y 134270
X 683670  Y 134270
X 970670  Y 67570
X 970670  Y 85170
X 996270  Y 67570
X 996270  Y 85170
X 683670  Y 151870
X 658070  Y 151870
X 497470  Y 151870
X 471870  Y 151870
X 276770  Y 407870
X 266770  Y 407870
X 256770  Y 407870
X 246770  Y 407870
X 236770  Y 407870
X 226770  Y 407870
X 216770  Y 407870
X 206770  Y 407870
X 196770  Y 407870
X 186770  Y 407870
X 176770  Y 407870
X 166770  Y 407870
X 156770  Y 407870
X 146770  Y 407870
X 136770  Y 407870
X 126770  Y 407870

Drill: .04724  Tool: 9  Feed: 139  Speed: 550
X 481810  Y 436370
X 495590  Y 436370
X 509370  Y 436370
X 523149  Y 436370
X 536929  Y 436370
X 562480  Y 436370
X 576259  Y 436370

Drill: .04921  Tool: 10  Feed: 139  Speed: 550
X 1095827  Y 96370
X 1115512  Y 96370

Drill: .1  Tool: 11  Feed: 69  Speed: 658
X 97270  Y 191270
X 97270  Y 407870
X 420170  Y 191270
X 420170  Y 407870

Drill: .12598  Tool: 12  Feed: 35  Speed: 794
X 58970  Y 58970
X 484670  Y 219370
X 624070  Y 58970
X 1208770  Y 58970
X 1208770  Y 437070
X 624070  Y 437070
X 58970  Y 437070

End of Listing
